[14:33:04] [Server thread/INFO]: Starting minecraft server version 1.10
[14:33:04] [Server thread/INFO]: Loading properties
[14:33:04] [Server thread/INFO]: Default game type: SURVIVAL
[14:33:04] [Server thread/INFO]: Generating keypair
[14:33:05] [Server thread/INFO]: Starting Minecraft server on *:25565
[14:33:05] [Server thread/INFO]: Using default channel type
[14:33:05] [Server thread/INFO]: Preparing level "world"
[14:33:07] [Server thread/INFO]: Preparing start region for level 0
[14:33:08] [Server thread/INFO]: Preparing spawn area: 4%
[14:33:09] [Server thread/INFO]: Preparing spawn area: 8%
[14:33:10] [Server thread/INFO]: Preparing spawn area: 13%
[14:33:11] [Server thread/INFO]: Preparing spawn area: 17%
[14:33:12] [Server thread/INFO]: Preparing spawn area: 19%
[14:33:14] [Server thread/INFO]: Preparing spawn area: 23%
[14:33:15] [Server thread/INFO]: Preparing spawn area: 28%
[14:33:16] [Server thread/INFO]: Preparing spawn area: 32%
[14:33:17] [Server thread/INFO]: Preparing spawn area: 36%
[14:33:18] [Server thread/INFO]: Preparing spawn area: 41%
[14:33:19] [Server thread/INFO]: Preparing spawn area: 45%
[14:33:20] [Server thread/INFO]: Preparing spawn area: 51%
[14:33:21] [Server thread/INFO]: Preparing spawn area: 56%
[14:33:22] [Server thread/INFO]: Preparing spawn area: 61%
[14:33:23] [Server thread/INFO]: Preparing spawn area: 66%
[14:33:24] [Server thread/INFO]: Preparing spawn area: 72%
[14:33:25] [Server thread/INFO]: Preparing spawn area: 78%
[14:33:26] [Server thread/INFO]: Preparing spawn area: 84%
[14:33:27] [Server thread/INFO]: Preparing spawn area: 91%
[14:33:28] [Server thread/INFO]: Preparing spawn area: 97%
[14:33:28] [Server thread/INFO]: Done (22.881s)! For help, type "help" or "?"
